
{map[] map[content-type:[application/grpc]]}
signal: killed
# command-line-arguments
./merchant-rpc.gw.go:51:20: undefined: st
stat merchant-rpc.go: no such file or directory
stat merchant-rpc.go: no such file or directory
errr rpc error: code = Unavailable desc = transport is closing
aa *status.statusError
AphroError.BizError 102 Code(102) Unavailable
buf -> [123 34 109 101 115 115 97 103 101 34 58 34 116 114 97 110 115 112 111 114 116 32 105 115 32 99 108 111 115 105 110 103 34 44 34 99 111 100 101 34 58 49 52 44 34 114 101 115 117 108 116 34 58 91 93 125]
md {map[] map[]}
errr rpc error: code = Unavailable desc = transport is closing
aa *status.statusError
AphroError.BizError 102 Code(102) Unavailable
buf -> [123 34 109 101 115 115 97 103 101 34 58 34 116 114 97 110 115 112 111 114 116 32 105 115 32 99 108 111 115 105 110 103 34 44 34 99 111 100 101 34 58 49 52 44 34 114 101 115 117 108 116 34 58 91 93 125]
md {map[] map[]}
errr rpc error: code = Unavailable desc = transport is closing
aa *status.statusError
AphroError.BizError 102 Code(102) Unavailable
buf -> [123 34 109 101 115 115 97 103 101 34 58 34 116 114 97 110 115 112 111 114 116 32 105 115 32 99 108 111 115 105 110 103 34 44 34 99 111 100 101 34 58 49 52 44 34 114 101 115 117 108 116 34 58 91 93 125]
md {map[] map[]}
errr rpc error: code = Unavailable desc = transport is closing
aa *status.statusError
AphroError.BizError 102 Code(102) Unavailable
buf -> [123 34 109 101 115 115 97 103 101 34 58 34 116 114 97 110 115 112 111 114 116 32 105 115 32 99 108 111 115 105 110 103 34 44 34 99 111 100 101 34 58 49 52 44 34 114 101 115 117 108 116 34 58 91 93 125]
md {map[] map[]}
errr rpc error: code = Unavailable desc = transport is closing
aa *status.statusError
AphroError.BizError 102 Code(102) Unavailable
buf -> [123 34 109 101 115 115 97 103 101 34 58 34 116 114 97 110 115 112 111 114 116 32 105 115 32 99 108 111 115 105 110 103 34 44 34 99 111 100 101 34 58 49 52 44 34 114 101 115 117 108 116 34 58 91 93 125]
md {map[] map[]}
errr rpc error: code = Unavailable desc = all SubConns are in TransientFailure, latest connection error: connection error: desc = "transport: Error while dialing dial tcp [::1]:10089: getsockopt: connection refused"
aa *status.statusError
AphroError.BizError 102 Code(102) Unavailable
buf -> [123 34 109 101 115 115 97 103 101 34 58 34 97 108 108 32 83 117 98 67 111 110 110 115 32 97 114 101 32 105 110 32 84 114 97 110 115 105 101 110 116 70 97 105 108 117 114 101 44 32 108 97 116 101 115 116 32 99 111 110 110 101 99 116 105 111 110 32 101 114 114 111 114 58 32 99 111 110 110 101 99 116 105 111 110 32 101 114 114 111 114 58 32 100 101 115 99 32 61 32 92 34 116 114 97 110 115 112 111 114 116 58 32 69 114 114 111 114 32 119 104 105 108 101 32 100 105 97 108 105 110 103 32 100 105 97 108 32 116 99 112 32 91 58 58 49 93 58 49 48 48 56 57 58 32 103 101 116 115 111 99 107 111 112 116 58 32 99 111 110 110 101 99 116 105 111 110 32 114 101 102 117 115 101 100 92 34 34 44 34 99 111 100 101 34 58 49 52 44 34 114 101 115 117 108 116 34 58 91 93 125]
md {map[] map[]}
[--------------] 3:"\n:type.googleapis.com/Aphro.Merchant.pb.MerchantOpenResponse\x12\x02\b\x01" 
[--------------] &{0xc4202460a0 0xc4201fab00 0xc4201f3a00 0x1131ee0 false false false false 0xc4201f2780 {0xc42024c620 map[] false false} map[Grpc-Metadata-Content-Type:[application/grpc] Content-Type:[application/json]] true 0 -1 0 false false [] 0 [0 0 0 0 0 0 0 0 0 0 0 0 0 0 0 0 0 0 0 0 0 0 0 0 0 0 0 0 0] [0 0 0 0 0 0 0 0 0 0] [0 0 0] 0xc4202245b0 0}
errr rpc error: code = Unavailable desc = all SubConns are in TransientFailure, latest connection error: connection error: desc = "transport: Error while dialing dial tcp [::1]:10089: getsockopt: connection refused"
aa *status.statusError
AphroError.BizError 102 Code(102) Unavailable
buf -> [123 34 109 101 115 115 97 103 101 34 58 34 97 108 108 32 83 117 98 67 111 110 110 115 32 97 114 101 32 105 110 32 84 114 97 110 115 105 101 110 116 70 97 105 108 117 114 101 44 32 108 97 116 101 115 116 32 99 111 110 110 101 99 116 105 111 110 32 101 114 114 111 114 58 32 99 111 110 110 101 99 116 105 111 110 32 101 114 114 111 114 58 32 100 101 115 99 32 61 32 92 34 116 114 97 110 115 112 111 114 116 58 32 69 114 114 111 114 32 119 104 105 108 101 32 100 105 97 108 105 110 103 32 100 105 97 108 32 116 99 112 32 91 58 58 49 93 58 49 48 48 56 57 58 32 103 101 116 115 111 99 107 111 112 116 58 32 99 111 110 110 101 99 116 105 111 110 32 114 101 102 117 115 101 100 92 34 34 44 34 99 111 100 101 34 58 49 52 44 34 114 101 115 117 108 116 34 58 91 93 125]
md {map[] map[]}
errr rpc error: code = Unavailable desc = all SubConns are in TransientFailure, latest connection error: connection error: desc = "transport: Error while dialing dial tcp [::1]:10089: getsockopt: connection refused"
aa *status.statusError
AphroError.BizError 102 Code(102) Unavailable
buf -> [123 34 109 101 115 115 97 103 101 34 58 34 97 108 108 32 83 117 98 67 111 110 110 115 32 97 114 101 32 105 110 32 84 114 97 110 115 105 101 110 116 70 97 105 108 117 114 101 44 32 108 97 116 101 115 116 32 99 111 110 110 101 99 116 105 111 110 32 101 114 114 111 114 58 32 99 111 110 110 101 99 116 105 111 110 32 101 114 114 111 114 58 32 100 101 115 99 32 61 32 92 34 116 114 97 110 115 112 111 114 116 58 32 69 114 114 111 114 32 119 104 105 108 101 32 100 105 97 108 105 110 103 32 100 105 97 108 32 116 99 112 32 91 58 58 49 93 58 49 48 48 56 57 58 32 103 101 116 115 111 99 107 111 112 116 58 32 99 111 110 110 101 99 116 105 111 110 32 114 101 102 117 115 101 100 92 34 34 44 34 99 111 100 101 34 58 49 52 44 34 114 101 115 117 108 116 34 58 91 93 125]
md {map[] map[]}
errr rpc error: code = Unavailable desc = all SubConns are in TransientFailure, latest connection error: connection error: desc = "transport: Error while dialing dial tcp [::1]:10089: getsockopt: connection refused"
aa *status.statusError
AphroError.BizError 102 Code(102) Unavailable
buf -> [123 34 109 101 115 115 97 103 101 34 58 34 97 108 108 32 83 117 98 67 111 110 110 115 32 97 114 101 32 105 110 32 84 114 97 110 115 105 101 110 116 70 97 105 108 117 114 101 44 32 108 97 116 101 115 116 32 99 111 110 110 101 99 116 105 111 110 32 101 114 114 111 114 58 32 99 111 110 110 101 99 116 105 111 110 32 101 114 114 111 114 58 32 100 101 115 99 32 61 32 92 34 116 114 97 110 115 112 111 114 116 58 32 69 114 114 111 114 32 119 104 105 108 101 32 100 105 97 108 105 110 103 32 100 105 97 108 32 116 99 112 32 91 58 58 49 93 58 49 48 48 56 57 58 32 103 101 116 115 111 99 107 111 112 116 58 32 99 111 110 110 101 99 116 105 111 110 32 114 101 102 117 115 101 100 92 34 34 44 34 99 111 100 101 34 58 49 52 44 34 114 101 115 117 108 116 34 58 91 93 125]
md {map[] map[]}
errr rpc error: code = Unavailable desc = all SubConns are in TransientFailure, latest connection error: connection error: desc = "transport: Error while dialing dial tcp [::1]:10089: getsockopt: connection refused"
aa *status.statusError
AphroError.BizError 102 Code(102) Unavailable
buf -> [123 34 109 101 115 115 97 103 101 34 58 34 97 108 108 32 83 117 98 67 111 110 110 115 32 97 114 101 32 105 110 32 84 114 97 110 115 105 101 110 116 70 97 105 108 117 114 101 44 32 108 97 116 101 115 116 32 99 111 110 110 101 99 116 105 111 110 32 101 114 114 111 114 58 32 99 111 110 110 101 99 116 105 111 110 32 101 114 114 111 114 58 32 100 101 115 99 32 61 32 92 34 116 114 97 110 115 112 111 114 116 58 32 69 114 114 111 114 32 119 104 105 108 101 32 100 105 97 108 105 110 103 32 100 105 97 108 32 116 99 112 32 91 58 58 49 93 58 49 48 48 56 57 58 32 103 101 116 115 111 99 107 111 112 116 58 32 99 111 110 110 101 99 116 105 111 110 32 114 101 102 117 115 101 100 92 34 34 44 34 99 111 100 101 34 58 49 52 44 34 114 101 115 117 108 116 34 58 91 93 125]
md {map[] map[]}
signal: terminated
[--------------] 3:"\n:type.googleapis.com/Aphro.Merchant.pb.MerchantOpenResponse\x12\x02\b\x01" 
[--------------] &{0xc4201b4000 0xc420190100 0xc42017a3c0 0x1131ee0 false false false false 0xc42017a480 {0xc4201c0000 map[] false false} map[Grpc-Metadata-Content-Type:[application/grpc] Content-Type:[application/json]] true 0 -1 0 false false [] 0 [0 0 0 0 0 0 0 0 0 0 0 0 0 0 0 0 0 0 0 0 0 0 0 0 0 0 0 0 0] [0 0 0 0 0 0 0 0 0 0] [0 0 0] 0xc4201be000 0}
signal: terminated
