signal: terminated
# command-line-arguments
./session-rpc.go:182:29: in.Scence undefined (type *Aphro_Session_pb.MerchantVerifyCodeRequest has no field or method Scence)
checkKey, smsCode : _verify_sms_18868829208@0 123456
checkKey, smsCode : _verify_sms_18868829208@0 123456
signal: terminated
# command-line-arguments
./session-rpc.go:183:15: undefined: strings.Itoa
./session-rpc.go:211:15: undefined: strings.Itoa
./session-rpc.go:211:30: in.Scene undefined (type *Aphro_Session_pb.MerchantSendCodeRequest has no field or method Scene)
./session-rpc.go:214:51: undefined: scence
# command-line-arguments
./session-rpc.go:182:30: cannot use in.Scene (type uint32) as type int in argument to strconv.Itoa
./session-rpc.go:210:30: in.Scene undefined (type *Aphro_Session_pb.MerchantSendCodeRequest has no field or method Scene)
./session-rpc.go:213:51: undefined: scence
checkKey, smsCode : _verify_sms_18868829208@0 123456
checkKey, smsCode : _verify_sms_18868829208@0 123456
checkKey, smsCode : _verify_sms_18868829208@0 123456
signal: terminated
scene,checkKey, smsCode : 1 _verify_sms_18868829208@1 123456
scene,checkKey, smsCode : 1 _verify_sms_18868829208@1 123456
scene,checkKey, smsCode : 1 _verify_sms_18868829208@1 123456
scene,checkKey, smsCode : 1 _verify_sms_18868829208@1 123456
signal: terminated
scene,checkKey, smsCode : 1 _verify_sms_18868829208@1 123456
scene,checkKey, smsCode : 1 _verify_sms_18868829208@1 123456
signal: terminated
scene,checkKey, smsCode : 1 _verify_sms_18868829208@1 123456
